# JRE version: OpenJDK Runtime Environment (17.0.9) (build 17.0.9+0--11185874)
# Java VM: OpenJDK 64-Bit Server VM (17.0.9+0--11185874, mixed mode, tiered, compressed oops, compressed class ptrs, g1 gc, windows-amd64)
GC Precious Log:
 CPUs: 28 total, 28 available
 Memory: 32684M
 Large Page Support: Disabled
 NUMA Support: Disabled
 Compressed Oops: Enabled (Zero based)
 Heap Region Size: 4M
 Heap Min Capacity: 8M
 Heap Initial Capacity: 512M
 Heap Max Capacity: 8172M
 Pre-touch: Disabled
 Parallel Workers: 20
 Concurrent Workers: 5
 Concurrent Refinement Workers: 20
 Periodic GC: Disabled
Heap:
 garbage-first heap   total 81920K, used 30169K [0x0000000601400000, 0x0000000800000000)
  region size 4096K, 1 young (4096K), 1 survivors (4096K)
 Metaspace       used 48460K, committed 48640K, reserved 1114112K
  class space    used 5677K, committed 5760K, reserved 1048576K
GC Heap History (20 events):
Event: 0.717 GC heap after
{Heap after GC invocations=1 (full 0):
 garbage-first heap   total 524288K, used 7074K [0x0000000601400000, 0x0000000800000000)
  region size 4096K, 1 young (4096K), 1 survivors (4096K)
 Metaspace       used 14119K, committed 14272K, reserved 1114112K
  class space    used 1384K, committed 1472K, reserved 1048576K
}
Event: 1.094 GC heap before
{Heap before GC invocations=1 (full 0):
 garbage-first heap   total 524288K, used 27554K [0x0000000601400000, 0x0000000800000000)
  region size 4096K, 7 young (28672K), 1 survivors (4096K)
 Metaspace       used 21330K, committed 21504K, reserved 1114112K
  class space    used 2394K, committed 2496K, reserved 1048576K
}
Event: 1.097 GC heap after
{Heap after GC invocations=2 (full 0):
 garbage-first heap   total 524288K, used 7745K [0x0000000601400000, 0x0000000800000000)
  region size 4096K, 1 young (4096K), 1 survivors (4096K)
 Metaspace       used 21330K, committed 21504K, reserved 1114112K
  class space    used 2394K, committed 2496K, reserved 1048576K
}
Event: 1.410 GC heap before
{Heap before GC invocations=3 (full 0):
 garbage-first heap   total 40960K, used 20033K [0x0000000601400000, 0x0000000800000000)
  region size 4096K, 6 young (24576K), 1 survivors (4096K)
 Metaspace       used 23764K, committed 23936K, reserved 1114112K
  class space    used 2955K, committed 3072K, reserved 1048576K
}
Event: 1.417 GC heap after
{Heap after GC invocations=4 (full 0):
 garbage-first heap   total 40960K, used 13184K [0x0000000601400000, 0x0000000800000000)
  region size 4096K, 3 young (12288K), 3 survivors (12288K)
 Metaspace       used 23764K, committed 23936K, reserved 1114112K
  class space    used 2955K, committed 3072K, reserved 1048576K
}
Event: 1.589 GC heap before
{Heap before GC invocations=4 (full 0):
 garbage-first heap   total 40960K, used 21376K [0x0000000601400000, 0x0000000800000000)
  region size 4096K, 5 young (20480K), 3 survivors (12288K)
 Metaspace       used 26416K, committed 26560K, reserved 1114112K
  class space    used 3393K, committed 3456K, reserved 1048576K
}
Event: 1.594 GC heap after
{Heap after GC invocations=5 (full 0):
 garbage-first heap   total 40960K, used 14085K [0x0000000601400000, 0x0000000800000000)
  region size 4096K, 1 young (4096K), 1 survivors (4096K)
 Metaspace       used 26416K, committed 26560K, reserved 1114112K
  class space    used 3393K, committed 3456K, reserved 1048576K
}
Event: 1.746 GC heap before
{Heap before GC invocations=5 (full 0):
 garbage-first heap   total 40960K, used 18181K [0x0000000601400000, 0x0000000800000000)
  region size 4096K, 3 young (12288K), 1 survivors (4096K)
 Metaspace       used 28256K, committed 28416K, reserved 1114112K
  class space    used 3587K, committed 3648K, reserved 1048576K
}
Event: 1.748 GC heap after
{Heap after GC invocations=6 (full 0):
 garbage-first heap   total 40960K, used 14637K [0x0000000601400000, 0x0000000800000000)
  region size 4096K, 1 young (4096K), 1 survivors (4096K)
 Metaspace       used 28256K, committed 28416K, reserved 1114112K
  class space    used 3587K, committed 3648K, reserved 1048576K
}
Event: 1.875 GC heap before
{Heap before GC invocations=6 (full 0):
 garbage-first heap   total 40960K, used 22829K [0x0000000601400000, 0x0000000800000000)
  region size 4096K, 3 young (12288K), 1 survivors (4096K)
 Metaspace       used 29841K, committed 29952K, reserved 1114112K
  class space    used 3775K, committed 3840K, reserved 1048576K
}
Event: 1.880 GC heap after
{Heap after GC invocations=7 (full 0):
 garbage-first heap   total 40960K, used 15698K [0x0000000601400000, 0x0000000800000000)
  region size 4096K, 1 young (4096K), 1 survivors (4096K)
 Metaspace       used 29841K, committed 29952K, reserved 1114112K
  class space    used 3775K, committed 3840K, reserved 1048576K
}
Event: 1.990 GC heap before
{Heap before GC invocations=7 (full 0):
 garbage-first heap   total 40960K, used 23890K [0x0000000601400000, 0x0000000800000000)
  region size 4096K, 3 young (12288K), 1 survivors (4096K)
 Metaspace       used 31435K, committed 31680K, reserved 1114112K
  class space    used 3930K, committed 4032K, reserved 1048576K
}
Event: 1.996 GC heap after
{Heap after GC invocations=8 (full 0):
 garbage-first heap   total 282624K, used 16694K [0x0000000601400000, 0x0000000800000000)
  region size 4096K, 1 young (4096K), 1 survivors (4096K)
 Metaspace       used 31435K, committed 31680K, reserved 1114112K
  class space    used 3930K, committed 4032K, reserved 1048576K
}
Event: 2.264 GC heap before
{Heap before GC invocations=8 (full 0):
 garbage-first heap   total 282624K, used 37174K [0x0000000601400000, 0x0000000800000000)
  region size 4096K, 7 young (28672K), 1 survivors (4096K)
 Metaspace       used 35823K, committed 35968K, reserved 1114112K
  class space    used 4328K, committed 4416K, reserved 1048576K
}
Event: 2.267 GC heap after
{Heap after GC invocations=9 (full 0):
 garbage-first heap   total 282624K, used 18188K [0x0000000601400000, 0x0000000800000000)
  region size 4096K, 1 young (4096K), 1 survivors (4096K)
 Metaspace       used 35823K, committed 35968K, reserved 1114112K
  class space    used 4328K, committed 4416K, reserved 1048576K
}
Event: 2.783 GC heap before
{Heap before GC invocations=10 (full 0):
 garbage-first heap   total 81920K, used 63244K [0x0000000601400000, 0x0000000800000000)
  region size 4096K, 12 young (49152K), 1 survivors (4096K)
 Metaspace       used 41625K, committed 41856K, reserved 1114112K
  class space    used 5017K, committed 5120K, reserved 1048576K
}
Event: 2.788 GC heap after
{Heap after GC invocations=11 (full 0):
 garbage-first heap   total 81920K, used 22665K [0x0000000601400000, 0x0000000800000000)
  region size 4096K, 2 young (8192K), 2 survivors (8192K)
 Metaspace       used 41625K, committed 41856K, reserved 1114112K
  class space    used 5017K, committed 5120K, reserved 1048576K
}
Event: 3.406 GC heap before
{Heap before GC invocations=11 (full 0):
 garbage-first heap   total 81920K, used 51337K [0x0000000601400000, 0x0000000800000000)
  region size 4096K, 9 young (36864K), 2 survivors (8192K)
 Metaspace       used 44835K, committed 45120K, reserved 1114112K
  class space    used 5378K, committed 5504K, reserved 1048576K
}
Event: 3.420 GC heap after
{Heap after GC invocations=12 (full 0):
 garbage-first heap   total 81920K, used 25809K [0x0000000601400000, 0x0000000800000000)
  region size 4096K, 1 young (4096K), 1 survivors (4096K)
 Metaspace       used 44835K, committed 45120K, reserved 1114112K
  class space    used 5378K, committed 5504K, reserved 1048576K
}
Event: 4.420 GC heap before
{Heap before GC invocations=12 (full 0):
 garbage-first heap   total 81920K, used 54481K [0x0000000601400000, 0x0000000800000000)
  region size 4096K, 8 young (32768K), 1 survivors (4096K)
 Metaspace       used 48460K, committed 48640K, reserved 1114112K
  class space    used 5677K, committed 5760K, reserved 1048576K
}

