# JRE version: OpenJDK Runtime Environment (17.0.9) (build 17.0.9+0--11185874)
# Java VM: OpenJDK 64-Bit Server VM (17.0.9+0--11185874, mixed mode, tiered, compressed oops, compressed class ptrs, g1 gc, windows-amd64)
GC Precious Log:
 CPUs: 28 total, 28 available
 Memory: 32684M
 Large Page Support: Disabled
 NUMA Support: Disabled
 Compressed Oops: Enabled (Zero based)
 Heap Region Size: 4M
 Heap Min Capacity: 8M
 Heap Initial Capacity: 512M
 Heap Max Capacity: 8172M
 Pre-touch: Disabled
 Parallel Workers: 20
 Concurrent Workers: 5
 Concurrent Refinement Workers: 20
 Periodic GC: Disabled
Heap:
 garbage-first heap   total 81920K, used 33287K [0x0000000601400000, 0x0000000800000000)
  region size 4096K, 1 young (4096K), 1 survivors (4096K)
 Metaspace       used 51917K, committed 52160K, reserved 1114112K
  class space    used 6022K, committed 6144K, reserved 1048576K
GC Heap History (20 events):
Event: 1.262 GC heap after
{Heap after GC invocations=2 (full 0):
 garbage-first heap   total 524288K, used 7790K [0x0000000601400000, 0x0000000800000000)
  region size 4096K, 1 young (4096K), 1 survivors (4096K)
 Metaspace       used 21329K, committed 21504K, reserved 1114112K
  class space    used 2394K, committed 2496K, reserved 1048576K
}
Event: 1.781 GC heap before
{Heap before GC invocations=3 (full 0):
 garbage-first heap   total 40960K, used 20078K [0x0000000601400000, 0x0000000800000000)
  region size 4096K, 6 young (24576K), 1 survivors (4096K)
 Metaspace       used 24243K, committed 24384K, reserved 1114112K
  class space    used 3131K, committed 3200K, reserved 1048576K
}
Event: 1.788 GC heap after
{Heap after GC invocations=4 (full 0):
 garbage-first heap   total 40960K, used 13038K [0x0000000601400000, 0x0000000800000000)
  region size 4096K, 3 young (12288K), 3 survivors (12288K)
 Metaspace       used 24243K, committed 24384K, reserved 1114112K
  class space    used 3131K, committed 3200K, reserved 1048576K
}
Event: 1.987 GC heap before
{Heap before GC invocations=4 (full 0):
 garbage-first heap   total 40960K, used 21230K [0x0000000601400000, 0x0000000800000000)
  region size 4096K, 5 young (20480K), 3 survivors (12288K)
 Metaspace       used 26901K, committed 27072K, reserved 1114112K
  class space    used 3450K, committed 3520K, reserved 1048576K
}
Event: 1.996 GC heap after
{Heap after GC invocations=5 (full 0):
 garbage-first heap   total 40960K, used 13939K [0x0000000601400000, 0x0000000800000000)
  region size 4096K, 1 young (4096K), 1 survivors (4096K)
 Metaspace       used 26901K, committed 27072K, reserved 1114112K
  class space    used 3450K, committed 3520K, reserved 1048576K
}
Event: 2.169 GC heap before
{Heap before GC invocations=5 (full 0):
 garbage-first heap   total 40960K, used 22131K [0x0000000601400000, 0x0000000800000000)
  region size 4096K, 3 young (12288K), 1 survivors (4096K)
 Metaspace       used 28408K, committed 28544K, reserved 1114112K
  class space    used 3604K, committed 3648K, reserved 1048576K
}
Event: 2.172 GC heap after
{Heap after GC invocations=6 (full 0):
 garbage-first heap   total 40960K, used 14698K [0x0000000601400000, 0x0000000800000000)
  region size 4096K, 1 young (4096K), 1 survivors (4096K)
 Metaspace       used 28408K, committed 28544K, reserved 1114112K
  class space    used 3604K, committed 3648K, reserved 1048576K
}
Event: 2.394 GC heap before
{Heap before GC invocations=6 (full 0):
 garbage-first heap   total 40960K, used 18794K [0x0000000601400000, 0x0000000800000000)
  region size 4096K, 3 young (12288K), 1 survivors (4096K)
 Metaspace       used 30070K, committed 30208K, reserved 1114112K
  class space    used 3798K, committed 3840K, reserved 1048576K
}
Event: 2.398 GC heap after
{Heap after GC invocations=7 (full 0):
 garbage-first heap   total 40960K, used 15861K [0x0000000601400000, 0x0000000800000000)
  region size 4096K, 1 young (4096K), 1 survivors (4096K)
 Metaspace       used 30070K, committed 30208K, reserved 1114112K
  class space    used 3798K, committed 3840K, reserved 1048576K
}
Event: 2.582 GC heap before
{Heap before GC invocations=7 (full 0):
 garbage-first heap   total 40960K, used 24053K [0x0000000601400000, 0x0000000800000000)
  region size 4096K, 3 young (12288K), 1 survivors (4096K)
 Metaspace       used 31728K, committed 32000K, reserved 1114112K
  class space    used 3964K, committed 4096K, reserved 1048576K
}
Event: 2.593 GC heap after
{Heap after GC invocations=8 (full 0):
 garbage-first heap   total 282624K, used 16715K [0x0000000601400000, 0x0000000800000000)
  region size 4096K, 1 young (4096K), 1 survivors (4096K)
 Metaspace       used 31728K, committed 32000K, reserved 1114112K
  class space    used 3964K, committed 4096K, reserved 1048576K
}
Event: 3.047 GC heap before
{Heap before GC invocations=8 (full 0):
 garbage-first heap   total 282624K, used 33099K [0x0000000601400000, 0x0000000800000000)
  region size 4096K, 6 young (24576K), 1 survivors (4096K)
 Metaspace       used 35815K, committed 35968K, reserved 1114112K
  class space    used 4328K, committed 4416K, reserved 1048576K
}
Event: 3.051 GC heap after
{Heap after GC invocations=9 (full 0):
 garbage-first heap   total 282624K, used 17980K [0x0000000601400000, 0x0000000800000000)
  region size 4096K, 1 young (4096K), 1 survivors (4096K)
 Metaspace       used 35815K, committed 35968K, reserved 1114112K
  class space    used 4328K, committed 4416K, reserved 1048576K
}
Event: 4.024 GC heap before
{Heap before GC invocations=10 (full 0):
 garbage-first heap   total 81920K, used 63036K [0x0000000601400000, 0x0000000800000000)
  region size 4096K, 12 young (49152K), 1 survivors (4096K)
 Metaspace       used 44183K, committed 44416K, reserved 1114112K
  class space    used 5329K, committed 5440K, reserved 1048576K
}
Event: 4.035 GC heap after
{Heap after GC invocations=11 (full 0):
 garbage-first heap   total 81920K, used 24536K [0x0000000601400000, 0x0000000800000000)
  region size 4096K, 2 young (8192K), 2 survivors (8192K)
 Metaspace       used 44183K, committed 44416K, reserved 1114112K
  class space    used 5329K, committed 5440K, reserved 1048576K
}
Event: 4.591 GC heap before
{Heap before GC invocations=11 (full 0):
 garbage-first heap   total 81920K, used 49112K [0x0000000601400000, 0x0000000800000000)
  region size 4096K, 8 young (32768K), 2 survivors (8192K)
 Metaspace       used 46442K, committed 46656K, reserved 1114112K
  class space    used 5611K, committed 5696K, reserved 1048576K
}
Event: 4.604 GC heap after
{Heap after GC invocations=12 (full 0):
 garbage-first heap   total 81920K, used 25886K [0x0000000601400000, 0x0000000800000000)
  region size 4096K, 1 young (4096K), 1 survivors (4096K)
 Metaspace       used 46442K, committed 46656K, reserved 1114112K
  class space    used 5611K, committed 5696K, reserved 1048576K
}
Event: 5.479 GC heap before
{Heap before GC invocations=12 (full 0):
 garbage-first heap   total 81920K, used 50462K [0x0000000601400000, 0x0000000800000000)
  region size 4096K, 7 young (28672K), 1 survivors (4096K)
 Metaspace       used 49578K, committed 49792K, reserved 1114112K
  class space    used 5909K, committed 6016K, reserved 1048576K
}
Event: 5.493 GC heap after
{Heap after GC invocations=13 (full 0):
 garbage-first heap   total 81920K, used 29049K [0x0000000601400000, 0x0000000800000000)
  region size 4096K, 1 young (4096K), 1 survivors (4096K)
 Metaspace       used 49578K, committed 49792K, reserved 1114112K
  class space    used 5909K, committed 6016K, reserved 1048576K
}
Event: 6.526 GC heap before
{Heap before GC invocations=13 (full 0):
 garbage-first heap   total 81920K, used 57721K [0x0000000601400000, 0x0000000800000000)
  region size 4096K, 8 young (32768K), 1 survivors (4096K)
 Metaspace       used 51917K, committed 52160K, reserved 1114112K
  class space    used 6022K, committed 6144K, reserved 1048576K
}

